<?xml version="1.0" encoding="UTF-8"?>
<testsuite name="example.cashcard.CashCardJsonTest" tests="2" skipped="0" failures="0" errors="0" timestamp="2023-04-01T07:43:28" hostname="Blakes-MBP-2.modem" time="0.18">
  <properties/>
  <testcase name="cashCardSerializationTest()" classname="example.cashcard.CashCardJsonTest" time="0.169"/>
  <testcase name="cashCardDeserializationTest()" classname="example.cashcard.CashCardJsonTest" time="0.01"/>
  <system-out><![CDATA[17:43:28.104 [Test worker] DEBUG org.springframework.boot.test.autoconfigure.json.JsonTestContextBootstrapper -- Neither @ContextConfiguration nor @ContextHierarchy found for test class [CashCardJsonTest]: using SpringBootContextLoader
17:43:28.106 [Test worker] DEBUG org.springframework.test.context.support.AbstractContextLoader -- Could not detect default resource locations for test class [example.cashcard.CashCardJsonTest]: no resource found for suffixes {-context.xml, Context.groovy}.
17:43:28.106 [Test worker] INFO org.springframework.test.context.support.AnnotationConfigContextLoaderUtils -- Could not detect default configuration classes for test class [example.cashcard.CashCardJsonTest]: CashCardJsonTest does not declare any static, non-private, non-final, nested classes annotated with @Configuration.
17:43:28.119 [Test worker] DEBUG org.springframework.boot.test.autoconfigure.json.JsonTestContextBootstrapper -- Using ContextCustomizers for test class [CashCardJsonTest]: [DisableAutoConfigurationContextCustomizer, DisableObservabilityContextCustomizer, TypeExcludeFiltersContextCustomizer, PropertyMappingContextCustomizer, Customizer, ImportsContextCustomizer, ExcludeFilterContextCustomizer, DuplicateJsonObjectContextCustomizer, MockitoContextCustomizer]
17:43:28.140 [Test worker] DEBUG org.springframework.context.annotation.ClassPathScanningCandidateComponentProvider -- Identified candidate component class: file [/Users/blaketaylor/Library/Code/spring-academy/build/classes/java/main/example/cashcard/CashCardApplication.class]
17:43:28.140 [Test worker] INFO org.springframework.boot.test.context.SpringBootTestContextBootstrapper -- Found @SpringBootConfiguration example.cashcard.CashCardApplication for test class example.cashcard.CashCardJsonTest
17:43:28.144 [Test worker] DEBUG org.springframework.test.context.util.TestContextSpringFactoriesUtils -- Skipping candidate TestExecutionListener [org.springframework.test.context.transaction.TransactionalTestExecutionListener] due to a missing dependency. Specify custom TestExecutionListener classes or make the default TestExecutionListener classes and their required dependencies available. Offending class: [org/springframework/transaction/interceptor/TransactionAttributeSource]
17:43:28.145 [Test worker] DEBUG org.springframework.test.context.util.TestContextSpringFactoriesUtils -- Skipping candidate TestExecutionListener [org.springframework.test.context.jdbc.SqlScriptsTestExecutionListener] due to a missing dependency. Specify custom TestExecutionListener classes or make the default TestExecutionListener classes and their required dependencies available. Offending class: [org/springframework/transaction/interceptor/TransactionAttribute]
17:43:28.145 [Test worker] DEBUG org.springframework.boot.test.autoconfigure.json.JsonTestContextBootstrapper -- Using TestExecutionListeners for test class [CashCardJsonTest]: [ServletTestExecutionListener, DirtiesContextBeforeModesTestExecutionListener, ApplicationEventsTestExecutionListener, MockitoTestExecutionListener, DependencyInjectionTestExecutionListener, DirtiesContextTestExecutionListener, EventPublishingTestExecutionListener, RestDocsTestExecutionListener, MockRestServiceServerResetTestExecutionListener, MockMvcPrintOnlyOnFailureTestExecutionListener, WebDriverTestExecutionListener, MockWebServiceServerTestExecutionListener, ResetMocksTestExecutionListener]
17:43:28.146 [Test worker] DEBUG org.springframework.test.context.support.AbstractDirtiesContextTestExecutionListener -- Before test class: class [CashCardJsonTest], class annotated with @DirtiesContext [false] with mode [null]
17:43:28.150 [Test worker] DEBUG org.springframework.test.context.support.DependencyInjectionTestExecutionListener -- Performing dependency injection for test class example.cashcard.CashCardJsonTest

  .   ____          _            __ _ _
 /\\ / ___'_ __ _ _(_)_ __  __ _ \ \ \ \
( ( )\___ | '_ | '_| | '_ \/ _` | \ \ \ \
 \\/  ___)| |_)| | | | | || (_| |  ) ) ) )
  '  |____| .__|_| |_|_| |_\__, | / / / /
 =========|_|==============|___/=/_/_/_/
 :: Spring Boot ::                (v3.0.5)

2023-04-01T17:43:28.258+10:00  INFO 28420 --- [    Test worker] example.cashcard.CashCardJsonTest        : Starting CashCardJsonTest using Java 20 with PID 28420 (started by blaketaylor in /Users/blaketaylor/Library/Code/spring-academy)
2023-04-01T17:43:28.259+10:00  INFO 28420 --- [    Test worker] example.cashcard.CashCardJsonTest        : No active profile set, falling back to 1 default profile: "default"
2023-04-01T17:43:28.404+10:00  INFO 28420 --- [    Test worker] example.cashcard.CashCardJsonTest        : Started CashCardJsonTest in 0.242 seconds (process running for 0.599)
]]></system-out>
  <system-err><![CDATA[]]></system-err>
</testsuite>
