<?xml version="1.0" encoding="UTF-8"?>
<testsuite name="example.cashcard.CashCardJsonTest" tests="2" skipped="0" failures="0" errors="0" timestamp="2023-03-30T11:22:08" hostname="Blakes-MBP-2.modem" time="0.184">
  <properties/>
  <testcase name="cashCardSerializationTest()" classname="example.cashcard.CashCardJsonTest" time="0.172"/>
  <testcase name="cashCardDeserializationTest()" classname="example.cashcard.CashCardJsonTest" time="0.01"/>
  <system-out><![CDATA[21:22:08.659 [Test worker] DEBUG org.springframework.boot.test.autoconfigure.json.JsonTestContextBootstrapper -- Neither @ContextConfiguration nor @ContextHierarchy found for test class [CashCardJsonTest]: using SpringBootContextLoader
21:22:08.660 [Test worker] DEBUG org.springframework.test.context.support.AbstractContextLoader -- Could not detect default resource locations for test class [example.cashcard.CashCardJsonTest]: no resource found for suffixes {-context.xml, Context.groovy}.
21:22:08.661 [Test worker] INFO org.springframework.test.context.support.AnnotationConfigContextLoaderUtils -- Could not detect default configuration classes for test class [example.cashcard.CashCardJsonTest]: CashCardJsonTest does not declare any static, non-private, non-final, nested classes annotated with @Configuration.
21:22:08.673 [Test worker] DEBUG org.springframework.boot.test.autoconfigure.json.JsonTestContextBootstrapper -- Using ContextCustomizers for test class [CashCardJsonTest]: [DisableAutoConfigurationContextCustomizer, DisableObservabilityContextCustomizer, TypeExcludeFiltersContextCustomizer, PropertyMappingContextCustomizer, Customizer, ImportsContextCustomizer, ExcludeFilterContextCustomizer, DuplicateJsonObjectContextCustomizer, MockitoContextCustomizer]
21:22:08.695 [Test worker] DEBUG org.springframework.context.annotation.ClassPathScanningCandidateComponentProvider -- Identified candidate component class: file [/Users/blaketaylor/Library/Code/spring-academy/build/classes/java/main/example/cashcard/CashCardApplication.class]
21:22:08.696 [Test worker] INFO org.springframework.boot.test.context.SpringBootTestContextBootstrapper -- Found @SpringBootConfiguration example.cashcard.CashCardApplication for test class example.cashcard.CashCardJsonTest
21:22:08.700 [Test worker] DEBUG org.springframework.test.context.util.TestContextSpringFactoriesUtils -- Skipping candidate TestExecutionListener [org.springframework.test.context.transaction.TransactionalTestExecutionListener] due to a missing dependency. Specify custom TestExecutionListener classes or make the default TestExecutionListener classes and their required dependencies available. Offending class: [org/springframework/transaction/interceptor/TransactionAttributeSource]
21:22:08.700 [Test worker] DEBUG org.springframework.test.context.util.TestContextSpringFactoriesUtils -- Skipping candidate TestExecutionListener [org.springframework.test.context.jdbc.SqlScriptsTestExecutionListener] due to a missing dependency. Specify custom TestExecutionListener classes or make the default TestExecutionListener classes and their required dependencies available. Offending class: [org/springframework/transaction/interceptor/TransactionAttribute]
21:22:08.701 [Test worker] DEBUG org.springframework.boot.test.autoconfigure.json.JsonTestContextBootstrapper -- Using TestExecutionListeners for test class [CashCardJsonTest]: [ServletTestExecutionListener, DirtiesContextBeforeModesTestExecutionListener, ApplicationEventsTestExecutionListener, MockitoTestExecutionListener, DependencyInjectionTestExecutionListener, DirtiesContextTestExecutionListener, EventPublishingTestExecutionListener, RestDocsTestExecutionListener, MockRestServiceServerResetTestExecutionListener, MockMvcPrintOnlyOnFailureTestExecutionListener, WebDriverTestExecutionListener, MockWebServiceServerTestExecutionListener, ResetMocksTestExecutionListener]
21:22:08.701 [Test worker] DEBUG org.springframework.test.context.support.AbstractDirtiesContextTestExecutionListener -- Before test class: class [CashCardJsonTest], class annotated with @DirtiesContext [false] with mode [null]
21:22:08.705 [Test worker] DEBUG org.springframework.test.context.support.DependencyInjectionTestExecutionListener -- Performing dependency injection for test class example.cashcard.CashCardJsonTest

  .   ____          _            __ _ _
 /\\ / ___'_ __ _ _(_)_ __  __ _ \ \ \ \
( ( )\___ | '_ | '_| | '_ \/ _` | \ \ \ \
 \\/  ___)| |_)| | | | | || (_| |  ) ) ) )
  '  |____| .__|_| |_|_| |_\__, | / / / /
 =========|_|==============|___/=/_/_/_/
 :: Spring Boot ::                (v3.0.5)

2023-03-30T21:22:08.811+10:00  INFO 24228 --- [    Test worker] example.cashcard.CashCardJsonTest        : Starting CashCardJsonTest using Java 20 with PID 24228 (started by blaketaylor in /Users/blaketaylor/Library/Code/spring-academy)
2023-03-30T21:22:08.812+10:00  INFO 24228 --- [    Test worker] example.cashcard.CashCardJsonTest        : No active profile set, falling back to 1 default profile: "default"
2023-03-30T21:22:08.954+10:00  INFO 24228 --- [    Test worker] example.cashcard.CashCardJsonTest        : Started CashCardJsonTest in 0.237 seconds (process running for 0.596)
]]></system-out>
  <system-err><![CDATA[]]></system-err>
</testsuite>
